Arguments: 
  C:\Program Files\nodejs\node.exe C:\Users\User\AppData\Roaming\npm\node_modules\yarn\bin\yarn.js add cal-sans

PATH: 
  C:\Program Files\PowerShell\7;C:\Python311\Scripts\;C:\Python311\;C:\Program Files (x86)\Microsoft SDKs\Azure\CLI2\wbin;C:\Python310\Scripts\;C:\Python310\;C:\Program Files (x86)\Common Files\Oracle\Java\javapath;C:\ProgramData\Oracle\Java\javapath;C:\Program Files (x86)\Intel\iCLS Client\;C:\Program Files\Intel\iCLS Client\;C:\WINDOWS\system32;C:\WINDOWS;C:\WINDOWS\System32\Wbem;C:\WINDOWS\System32\WindowsPowerShell\v1.0\;C:\Program Files (x86)\QuickTime\QTSystem\;C:\Program Files (x86)\Intel\Intel(R) Management Engine Components\DAL;C:\Program Files\Intel\Intel(R) Management Engine Components\DAL;C:\Program Files (x86)\Intel\Intel(R) Management Engine Components\IPT;C:\Program Files\Intel\Intel(R) Management Engine Components\IPT;C:\Program Files (x86)\Windows Live\Shared;C:\WINDOWS\System32\OpenSSH\;C:\Program Files\Intel\WiFi\bin\;C:\Program Files\Common Files\Intel\WirelessCommon\;C:\Program Files\dotnet\;C:\Program Files\Microsoft SQL Server\130\Tools\Binn\;C:\Program Files\Git\cmd;C:\Program Files (x86)\dotnet\;C:\Program Files\nodejs\;C:\ProgramData\chocolatey\bin;C:\Program Files\gs\gs9.56.1\bin;C:\Program Files\PowerShell\7\;C:\Users\User\AppData\Local\Microsoft\WindowsApps;C:\Users\User\AppData\Local\Programs\Microsoft VS Code\bin;C:\Users\User\AppData\Local\GitHubDesktop\bin;C:\Users\User\.dotnet\tools;C:\Users\User\AppData\Roaming\npm;C:\Program Files\Tesseract-OCR;

Yarn version: 
  1.22.10

Node version: 
  14.18.1

Platform: 
  win32 x64

Trace: 
  Error: EPERM: operation not permitted, unlink 'C:\Users\User\Documents\GitHub\yetty\node_modules\node-sass\vendor\win32-x64-83\binding.node'

npm manifest: 
  {
      "name": "portlr",
      "version": "1.0.0",
      "description": "Yet another Eleventy starter kit for my (& your) new projects.Built with accessibility and performance in mind.",
      "scripts": {
          "eleventy:dev": "cross-env ELEVENTY_ENV=development eleventy --serve",
          "eleventy:prod": "cross-env ELEVENTY_ENV=production eleventy",
          "prebuild": "npm run lint:sass && NODE_ENV=production npm run sass:prod && npm run scripts && npm run modernizr",
          "build": "npm run clean && npm run eleventy:prod",
          "postbuild": "npm run postcss",
          "predev": "npm run sass:dev && npm run modernizr",
          "dev": "concurrently \"npm run eleventy:dev\" \"npm run sass:watch\" ",
          "start": "npm run dev",
          "debug": "DEBUG=* eleventy",
          "postcss": "postcss dist/assets/styles/main.css --replace",
          "sass:prod": "node-sass src/assets/styles/scss/ --output src/assets/styles/  --output-style compressed",
          "sass:dev": "node-sass src/assets/styles/scss/ --output src/assets/styles/ --source-map true --source-map-contents true",
          "sass:watch": "node-sass src/assets/styles/scss/main.scss --output src/assets/styles/ --source-map true --source-map-contents true -w",
          "lint:sass": "stylelint --fix 'src/assets/styles/scss/**/*.scss' 'src/assets/styles/scss/**/**/*.scss' 'src/assets/styles/scss/**/**/**/*.scss'",
          "scripts": "webpack --mode=production",
          "clean": "rimraf dist",
          "modernizr": "npx modernizr -c .modernizrrc.json -d src/assets/scripts/vendors/modernizr.min.js -u",
          "test": "echo \"Error: no test specified\" && exit 1"
      },
      "repository": {
          "type": "git",
          "url": "git://github.com/ygoex/yetty.git"
      },
      "author": {
          "name": "Yolanda Gorriz Exposito",
          "email": "helloygoex@gmail.com",
          "url": "https://ygoex.com/"
      },
      "license": "MIT",
      "bugs": {
          "url": "https://github.com/ygoex/yetty/issues"
      },
      "homepage": "https://github.com/ygoex/yetty#readme",
      "devDependencies": {
          "@11ty/eleventy": "^0.12.1",
          "@11ty/eleventy-img": "^1.0.0",
          "@11ty/eleventy-navigation": "^0.3.2",
          "@11ty/eleventy-plugin-rss": "^1.1.2",
          "@11ty/eleventy-plugin-syntaxhighlight": "^3.1.3",
          "@fullhuman/postcss-purgecss": "^4.0.3",
          "autoprefixer": "^10.4.0",
          "clean-css": "latest",
          "concurrently": "^6.3.0",
          "critical": "^4.0.1",
          "cross-env": "^7.0.3",
          "eleventy-critical-css": "^1.1.0",
          "eleventy-plugin-pwa": "^1.0.8",
          "eleventy-plugin-reading-time": "^0.0.1",
          "html-minifier": "^4.0.0",
          "luxon": "^2.0.2",
          "markdown-it": "^12.2.0",
          "markdown-it-anchor": "^8.4.1",
          "markdown-it-link-attributes": "^3.0.0",
          "modernizr": "^3.11.8",
          "node-sass": "^6.0.1",
          "postcss": "^8.3.11",
          "postcss-cli": "^9.0.1",
          "rimraf": "^3.0.2",
          "stylelint": "^14.0.1",
          "stylelint-config-standard-scss": "^2.0.0",
          "stylelint-scss": "^4.0.0",
          "stylelint-order": "^5.0.0",
          "webpack": "^5.61.0",
          "webpack-cli": "^4.9.1"
      },
      "dependencies": {
          "mermaid": "^8.13.3"
      }
  }

yarn manifest: 
  No manifest

Lockfile: 
  No lockfile
